<?xml version="1.0" encoding="UTF-8"?>
<!-- Generated by org.testng.reporters.JUnitReportReporter -->
<testsuite hostname="user" name="com.cogniphi.BusAttendor.StartChrome" tests="1" failures="0" timestamp="23 Jan 2018 07:40:08 GMT" time="46.769" errors="0">
  <testcase name="test1" time="46.769" classname="com.cogniphi.BusAttendor.StartChrome"/>
</testsuite> <!-- com.cogniphi.BusAttendor.StartChrome -->
