<?xml version="1.0" encoding="UTF-8"?>
<!-- Generated by org.testng.reporters.JUnitReportReporter -->
<testsuite hostname="user" name="com.cogniphi.BusAttendor.NewTest" tests="2" failures="0" timestamp="29 Jan 2018 10:09:46 GMT" time="36.439" errors="0">
  <testcase name="TC_002_Verify_Mobile_Number" time="0.000" classname="com.cogniphi.BusAttendor.NewTest"/>
  <testcase name="TC_001_Login" time="36.439" classname="com.cogniphi.BusAttendor.NewTest"/>
</testsuite> <!-- com.cogniphi.BusAttendor.NewTest -->
